<?xml version="1.0" encoding="UTF-8"?>
<testsuite xmlns:xsi="http://www.w3.org/2001/XMLSchema-instance" xsi:noNamespaceSchemaLocation="https://maven.apache.org/surefire/maven-surefire-plugin/xsd/surefire-test-report.xsd" name="homepageTest.homepageTest" time="44.157" tests="1" errors="0" skipped="0" failures="1">
  <properties>
    <property name="gopherProxySet" value="false"/>
    <property name="awt.toolkit" value="sun.lwawt.macosx.LWCToolkit"/>
    <property name="file.encoding.pkg" value="sun.io"/>
    <property name="java.specification.version" value="1.8"/>
    <property name="sun.cpu.isalist" value=""/>
    <property name="sun.jnu.encoding" value="UTF-8"/>
    <property name="java.class.path" value="/Users/vasista.tvn/Documents/workspace/Practice1/target/test-classes:/Users/vasista.tvn/Documents/workspace/Practice1/target/classes:/Users/vasista.tvn/.m2/repository/org/uncommons/reportng/1.1.3/reportng-1.1.3.jar:/Users/vasista.tvn/.m2/repository/velocity/velocity/1.4/velocity-1.4.jar:/Users/vasista.tvn/.m2/repository/velocity/velocity-dep/1.4/velocity-dep-1.4.jar:/Users/vasista.tvn/.m2/repository/com/sparkjava/spark-core/2.6.0/spark-core-2.6.0.jar:/Users/vasista.tvn/.m2/repository/org/slf4j/slf4j-api/1.7.13/slf4j-api-1.7.13.jar:/Users/vasista.tvn/.m2/repository/org/eclipse/jetty/jetty-server/9.4.4.v20170414/jetty-server-9.4.4.v20170414.jar:/Users/vasista.tvn/.m2/repository/org/eclipse/jetty/jetty-http/9.4.4.v20170414/jetty-http-9.4.4.v20170414.jar:/Users/vasista.tvn/.m2/repository/org/eclipse/jetty/jetty-util/9.4.4.v20170414/jetty-util-9.4.4.v20170414.jar:/Users/vasista.tvn/.m2/repository/org/eclipse/jetty/jetty-io/9.4.4.v20170414/jetty-io-9.4.4.v20170414.jar:/Users/vasista.tvn/.m2/repository/org/eclipse/jetty/jetty-webapp/9.4.4.v20170414/jetty-webapp-9.4.4.v20170414.jar:/Users/vasista.tvn/.m2/repository/org/eclipse/jetty/jetty-xml/9.4.4.v20170414/jetty-xml-9.4.4.v20170414.jar:/Users/vasista.tvn/.m2/repository/org/eclipse/jetty/jetty-servlet/9.4.4.v20170414/jetty-servlet-9.4.4.v20170414.jar:/Users/vasista.tvn/.m2/repository/org/eclipse/jetty/jetty-security/9.4.4.v20170414/jetty-security-9.4.4.v20170414.jar:/Users/vasista.tvn/.m2/repository/org/eclipse/jetty/websocket/websocket-server/9.4.4.v20170414/websocket-server-9.4.4.v20170414.jar:/Users/vasista.tvn/.m2/repository/org/eclipse/jetty/websocket/websocket-common/9.4.4.v20170414/websocket-common-9.4.4.v20170414.jar:/Users/vasista.tvn/.m2/repository/org/eclipse/jetty/websocket/websocket-client/9.4.4.v20170414/websocket-client-9.4.4.v20170414.jar:/Users/vasista.tvn/.m2/repository/org/eclipse/jetty/jetty-client/9.4.4.v20170414/jetty-client-9.4.4.v20170414.jar:/Users/vasista.tvn/.m2/repository/org/eclipse/jetty/websocket/websocket-servlet/9.4.4.v20170414/websocket-servlet-9.4.4.v20170414.jar:/Users/vasista.tvn/.m2/repository/org/eclipse/jetty/websocket/websocket-api/9.4.4.v20170414/websocket-api-9.4.4.v20170414.jar:/Users/vasista.tvn/.m2/repository/org/seleniumhq/selenium/selenium-server/3.141.59/selenium-server-3.141.59.jar:/Users/vasista.tvn/.m2/repository/org/seleniumhq/selenium/selenium-java/3.141.59/selenium-java-3.141.59.jar:/Users/vasista.tvn/.m2/repository/org/seleniumhq/selenium/selenium-api/3.141.59/selenium-api-3.141.59.jar:/Users/vasista.tvn/.m2/repository/org/seleniumhq/selenium/selenium-edge-driver/3.141.59/selenium-edge-driver-3.141.59.jar:/Users/vasista.tvn/.m2/repository/org/seleniumhq/selenium/selenium-firefox-driver/3.141.59/selenium-firefox-driver-3.141.59.jar:/Users/vasista.tvn/.m2/repository/org/seleniumhq/selenium/selenium-ie-driver/3.141.59/selenium-ie-driver-3.141.59.jar:/Users/vasista.tvn/.m2/repository/org/seleniumhq/selenium/selenium-opera-driver/3.141.59/selenium-opera-driver-3.141.59.jar:/Users/vasista.tvn/.m2/repository/org/seleniumhq/selenium/selenium-remote-driver/3.141.59/selenium-remote-driver-3.141.59.jar:/Users/vasista.tvn/.m2/repository/org/seleniumhq/selenium/selenium-safari-driver/3.141.59/selenium-safari-driver-3.141.59.jar:/Users/vasista.tvn/.m2/repository/org/seleniumhq/selenium/selenium-support/3.141.59/selenium-support-3.141.59.jar:/Users/vasista.tvn/.m2/repository/com/beust/jcommander/1.72/jcommander-1.72.jar:/Users/vasista.tvn/.m2/repository/net/bytebuddy/byte-buddy/1.8.15/byte-buddy-1.8.15.jar:/Users/vasista.tvn/.m2/repository/org/apache/commons/commons-exec/1.3/commons-exec-1.3.jar:/Users/vasista.tvn/.m2/repository/com/google/guava/guava/25.0-jre/guava-25.0-jre.jar:/Users/vasista.tvn/.m2/repository/com/google/code/findbugs/jsr305/1.3.9/jsr305-1.3.9.jar:/Users/vasista.tvn/.m2/repository/org/checkerframework/checker-compat-qual/2.0.0/checker-compat-qual-2.0.0.jar:/Users/vasista.tvn/.m2/repository/com/google/errorprone/error_prone_annotations/2.1.3/error_prone_annotations-2.1.3.jar:/Users/vasista.tvn/.m2/repository/com/google/j2objc/j2objc-annotations/1.1/j2objc-annotations-1.1.jar:/Users/vasista.tvn/.m2/repository/org/codehaus/mojo/animal-sniffer-annotations/1.14/animal-sniffer-annotations-1.14.jar:/Users/vasista.tvn/.m2/repository/net/jcip/jcip-annotations/1.0/jcip-annotations-1.0.jar:/Users/vasista.tvn/.m2/repository/org/seleniumhq/selenium/jetty-repacked/9.4.12.v20180830/jetty-repacked-9.4.12.v20180830.jar:/Users/vasista.tvn/.m2/repository/com/squareup/okhttp3/okhttp/3.11.0/okhttp-3.11.0.jar:/Users/vasista.tvn/.m2/repository/com/squareup/okio/okio/1.14.0/okio-1.14.0.jar:/Users/vasista.tvn/.m2/repository/javax/servlet/javax.servlet-api/3.1.0/javax.servlet-api-3.1.0.jar:/Users/vasista.tvn/.m2/repository/org/yaml/snakeyaml/1.19/snakeyaml-1.19.jar:/Users/vasista.tvn/.m2/repository/org/seleniumhq/selenium/selenium-chrome-driver/3.141.59/selenium-chrome-driver-3.141.59.jar:/Users/vasista.tvn/.m2/repository/junit/junit/4.13/junit-4.13.jar:/Users/vasista.tvn/.m2/repository/org/hamcrest/hamcrest-core/1.3/hamcrest-core-1.3.jar:/Users/vasista.tvn/.m2/repository/org/testng/testng/6.14.3/testng-6.14.3.jar:/Users/vasista.tvn/.m2/repository/org/apache-extras/beanshell/bsh/2.0b6/bsh-2.0b6.jar:/Users/vasista.tvn/.m2/repository/io/github/bonigarcia/webdrivermanager/3.3.0/webdrivermanager-3.3.0.jar:/Users/vasista.tvn/.m2/repository/commons-io/commons-io/2.6/commons-io-2.6.jar:/Users/vasista.tvn/.m2/repository/com/google/code/gson/gson/2.8.5/gson-2.8.5.jar:/Users/vasista.tvn/.m2/repository/org/apache/commons/commons-lang3/3.8.1/commons-lang3-3.8.1.jar:/Users/vasista.tvn/.m2/repository/org/apache/httpcomponents/httpclient/4.5.6/httpclient-4.5.6.jar:/Users/vasista.tvn/.m2/repository/org/apache/httpcomponents/httpcore/4.4.10/httpcore-4.4.10.jar:/Users/vasista.tvn/.m2/repository/commons-logging/commons-logging/1.2/commons-logging-1.2.jar:/Users/vasista.tvn/.m2/repository/commons-codec/commons-codec/1.10/commons-codec-1.10.jar:/Users/vasista.tvn/.m2/repository/org/rauschig/jarchivelib/1.0.0/jarchivelib-1.0.0.jar:/Users/vasista.tvn/.m2/repository/org/apache/commons/commons-compress/1.18/commons-compress-1.18.jar:/Users/vasista.tvn/.m2/repository/org/jsoup/jsoup/1.11.3/jsoup-1.11.3.jar:/Users/vasista.tvn/.m2/repository/com/opencsv/opencsv/4.1/opencsv-4.1.jar:/Users/vasista.tvn/.m2/repository/org/apache/commons/commons-text/1.1/commons-text-1.1.jar:/Users/vasista.tvn/.m2/repository/commons-beanutils/commons-beanutils/1.9.3/commons-beanutils-1.9.3.jar:/Users/vasista.tvn/.m2/repository/commons-collections/commons-collections/3.2.2/commons-collections-3.2.2.jar:/Users/vasista.tvn/.m2/repository/org/apache/maven/surefire/surefire-testng-utils/2.20.1/surefire-testng-utils-2.20.1.jar:/Users/vasista.tvn/.m2/repository/org/apache/maven/surefire/surefire-grouper/2.20.1/surefire-grouper-2.20.1.jar:"/>
    <property name="java.vm.vendor" value="Oracle Corporation"/>
    <property name="sun.arch.data.model" value="64"/>
    <property name="java.vendor.url" value="http://java.oracle.com/"/>
    <property name="user.timezone" value=""/>
    <property name="java.vm.specification.version" value="1.8"/>
    <property name="os.name" value="Mac OS X"/>
    <property name="user.country" value="IN"/>
    <property name="sun.java.launcher" value="SUN_STANDARD"/>
    <property name="sun.boot.library.path" value="/Library/Java/JavaVirtualMachines/jdk1.8.0_181.jdk/Contents/Home/jre/lib"/>
    <property name="sun.java.command" value="/Users/vasista.tvn/Documents/workspace/Practice1/target/surefire/surefirebooter9119815697631087434.jar /Users/vasista.tvn/Documents/workspace/Practice1/target/surefire 2020-04-30T07-13-26_027-jvmRun1 surefire8977936857346530012tmp surefire_03329079596721382596tmp"/>
    <property name="surefire.test.class.path" value="/Users/vasista.tvn/Documents/workspace/Practice1/target/test-classes:/Users/vasista.tvn/Documents/workspace/Practice1/target/classes:/Users/vasista.tvn/.m2/repository/org/uncommons/reportng/1.1.3/reportng-1.1.3.jar:/Users/vasista.tvn/.m2/repository/velocity/velocity/1.4/velocity-1.4.jar:/Users/vasista.tvn/.m2/repository/velocity/velocity-dep/1.4/velocity-dep-1.4.jar:/Users/vasista.tvn/.m2/repository/com/sparkjava/spark-core/2.6.0/spark-core-2.6.0.jar:/Users/vasista.tvn/.m2/repository/org/slf4j/slf4j-api/1.7.13/slf4j-api-1.7.13.jar:/Users/vasista.tvn/.m2/repository/org/eclipse/jetty/jetty-server/9.4.4.v20170414/jetty-server-9.4.4.v20170414.jar:/Users/vasista.tvn/.m2/repository/org/eclipse/jetty/jetty-http/9.4.4.v20170414/jetty-http-9.4.4.v20170414.jar:/Users/vasista.tvn/.m2/repository/org/eclipse/jetty/jetty-util/9.4.4.v20170414/jetty-util-9.4.4.v20170414.jar:/Users/vasista.tvn/.m2/repository/org/eclipse/jetty/jetty-io/9.4.4.v20170414/jetty-io-9.4.4.v20170414.jar:/Users/vasista.tvn/.m2/repository/org/eclipse/jetty/jetty-webapp/9.4.4.v20170414/jetty-webapp-9.4.4.v20170414.jar:/Users/vasista.tvn/.m2/repository/org/eclipse/jetty/jetty-xml/9.4.4.v20170414/jetty-xml-9.4.4.v20170414.jar:/Users/vasista.tvn/.m2/repository/org/eclipse/jetty/jetty-servlet/9.4.4.v20170414/jetty-servlet-9.4.4.v20170414.jar:/Users/vasista.tvn/.m2/repository/org/eclipse/jetty/jetty-security/9.4.4.v20170414/jetty-security-9.4.4.v20170414.jar:/Users/vasista.tvn/.m2/repository/org/eclipse/jetty/websocket/websocket-server/9.4.4.v20170414/websocket-server-9.4.4.v20170414.jar:/Users/vasista.tvn/.m2/repository/org/eclipse/jetty/websocket/websocket-common/9.4.4.v20170414/websocket-common-9.4.4.v20170414.jar:/Users/vasista.tvn/.m2/repository/org/eclipse/jetty/websocket/websocket-client/9.4.4.v20170414/websocket-client-9.4.4.v20170414.jar:/Users/vasista.tvn/.m2/repository/org/eclipse/jetty/jetty-client/9.4.4.v20170414/jetty-client-9.4.4.v20170414.jar:/Users/vasista.tvn/.m2/repository/org/eclipse/jetty/websocket/websocket-servlet/9.4.4.v20170414/websocket-servlet-9.4.4.v20170414.jar:/Users/vasista.tvn/.m2/repository/org/eclipse/jetty/websocket/websocket-api/9.4.4.v20170414/websocket-api-9.4.4.v20170414.jar:/Users/vasista.tvn/.m2/repository/org/seleniumhq/selenium/selenium-server/3.141.59/selenium-server-3.141.59.jar:/Users/vasista.tvn/.m2/repository/org/seleniumhq/selenium/selenium-java/3.141.59/selenium-java-3.141.59.jar:/Users/vasista.tvn/.m2/repository/org/seleniumhq/selenium/selenium-api/3.141.59/selenium-api-3.141.59.jar:/Users/vasista.tvn/.m2/repository/org/seleniumhq/selenium/selenium-edge-driver/3.141.59/selenium-edge-driver-3.141.59.jar:/Users/vasista.tvn/.m2/repository/org/seleniumhq/selenium/selenium-firefox-driver/3.141.59/selenium-firefox-driver-3.141.59.jar:/Users/vasista.tvn/.m2/repository/org/seleniumhq/selenium/selenium-ie-driver/3.141.59/selenium-ie-driver-3.141.59.jar:/Users/vasista.tvn/.m2/repository/org/seleniumhq/selenium/selenium-opera-driver/3.141.59/selenium-opera-driver-3.141.59.jar:/Users/vasista.tvn/.m2/repository/org/seleniumhq/selenium/selenium-remote-driver/3.141.59/selenium-remote-driver-3.141.59.jar:/Users/vasista.tvn/.m2/repository/org/seleniumhq/selenium/selenium-safari-driver/3.141.59/selenium-safari-driver-3.141.59.jar:/Users/vasista.tvn/.m2/repository/org/seleniumhq/selenium/selenium-support/3.141.59/selenium-support-3.141.59.jar:/Users/vasista.tvn/.m2/repository/com/beust/jcommander/1.72/jcommander-1.72.jar:/Users/vasista.tvn/.m2/repository/net/bytebuddy/byte-buddy/1.8.15/byte-buddy-1.8.15.jar:/Users/vasista.tvn/.m2/repository/org/apache/commons/commons-exec/1.3/commons-exec-1.3.jar:/Users/vasista.tvn/.m2/repository/com/google/guava/guava/25.0-jre/guava-25.0-jre.jar:/Users/vasista.tvn/.m2/repository/com/google/code/findbugs/jsr305/1.3.9/jsr305-1.3.9.jar:/Users/vasista.tvn/.m2/repository/org/checkerframework/checker-compat-qual/2.0.0/checker-compat-qual-2.0.0.jar:/Users/vasista.tvn/.m2/repository/com/google/errorprone/error_prone_annotations/2.1.3/error_prone_annotations-2.1.3.jar:/Users/vasista.tvn/.m2/repository/com/google/j2objc/j2objc-annotations/1.1/j2objc-annotations-1.1.jar:/Users/vasista.tvn/.m2/repository/org/codehaus/mojo/animal-sniffer-annotations/1.14/animal-sniffer-annotations-1.14.jar:/Users/vasista.tvn/.m2/repository/net/jcip/jcip-annotations/1.0/jcip-annotations-1.0.jar:/Users/vasista.tvn/.m2/repository/org/seleniumhq/selenium/jetty-repacked/9.4.12.v20180830/jetty-repacked-9.4.12.v20180830.jar:/Users/vasista.tvn/.m2/repository/com/squareup/okhttp3/okhttp/3.11.0/okhttp-3.11.0.jar:/Users/vasista.tvn/.m2/repository/com/squareup/okio/okio/1.14.0/okio-1.14.0.jar:/Users/vasista.tvn/.m2/repository/javax/servlet/javax.servlet-api/3.1.0/javax.servlet-api-3.1.0.jar:/Users/vasista.tvn/.m2/repository/org/yaml/snakeyaml/1.19/snakeyaml-1.19.jar:/Users/vasista.tvn/.m2/repository/org/seleniumhq/selenium/selenium-chrome-driver/3.141.59/selenium-chrome-driver-3.141.59.jar:/Users/vasista.tvn/.m2/repository/junit/junit/4.13/junit-4.13.jar:/Users/vasista.tvn/.m2/repository/org/hamcrest/hamcrest-core/1.3/hamcrest-core-1.3.jar:/Users/vasista.tvn/.m2/repository/org/testng/testng/6.14.3/testng-6.14.3.jar:/Users/vasista.tvn/.m2/repository/org/apache-extras/beanshell/bsh/2.0b6/bsh-2.0b6.jar:/Users/vasista.tvn/.m2/repository/io/github/bonigarcia/webdrivermanager/3.3.0/webdrivermanager-3.3.0.jar:/Users/vasista.tvn/.m2/repository/commons-io/commons-io/2.6/commons-io-2.6.jar:/Users/vasista.tvn/.m2/repository/com/google/code/gson/gson/2.8.5/gson-2.8.5.jar:/Users/vasista.tvn/.m2/repository/org/apache/commons/commons-lang3/3.8.1/commons-lang3-3.8.1.jar:/Users/vasista.tvn/.m2/repository/org/apache/httpcomponents/httpclient/4.5.6/httpclient-4.5.6.jar:/Users/vasista.tvn/.m2/repository/org/apache/httpcomponents/httpcore/4.4.10/httpcore-4.4.10.jar:/Users/vasista.tvn/.m2/repository/commons-logging/commons-logging/1.2/commons-logging-1.2.jar:/Users/vasista.tvn/.m2/repository/commons-codec/commons-codec/1.10/commons-codec-1.10.jar:/Users/vasista.tvn/.m2/repository/org/rauschig/jarchivelib/1.0.0/jarchivelib-1.0.0.jar:/Users/vasista.tvn/.m2/repository/org/apache/commons/commons-compress/1.18/commons-compress-1.18.jar:/Users/vasista.tvn/.m2/repository/org/jsoup/jsoup/1.11.3/jsoup-1.11.3.jar:/Users/vasista.tvn/.m2/repository/com/opencsv/opencsv/4.1/opencsv-4.1.jar:/Users/vasista.tvn/.m2/repository/org/apache/commons/commons-text/1.1/commons-text-1.1.jar:/Users/vasista.tvn/.m2/repository/commons-beanutils/commons-beanutils/1.9.3/commons-beanutils-1.9.3.jar:/Users/vasista.tvn/.m2/repository/commons-collections/commons-collections/3.2.2/commons-collections-3.2.2.jar:/Users/vasista.tvn/.m2/repository/org/apache/maven/surefire/surefire-testng-utils/2.20.1/surefire-testng-utils-2.20.1.jar:/Users/vasista.tvn/.m2/repository/org/apache/maven/surefire/surefire-grouper/2.20.1/surefire-grouper-2.20.1.jar:"/>
    <property name="sun.cpu.endian" value="little"/>
    <property name="user.home" value="/Users/vasista.tvn"/>
    <property name="user.language" value="en"/>
    <property name="java.specification.vendor" value="Oracle Corporation"/>
    <property name="java.home" value="/Library/Java/JavaVirtualMachines/jdk1.8.0_181.jdk/Contents/Home/jre"/>
    <property name="basedir" value="/Users/vasista.tvn/Documents/workspace/Practice1"/>
    <property name="file.separator" value="/"/>
    <property name="line.separator" value="&#10;"/>
    <property name="java.vm.specification.vendor" value="Oracle Corporation"/>
    <property name="java.specification.name" value="Java Platform API Specification"/>
    <property name="java.awt.graphicsenv" value="sun.awt.CGraphicsEnvironment"/>
    <property name="surefire.real.class.path" value="/Users/vasista.tvn/Documents/workspace/Practice1/target/surefire/surefirebooter9119815697631087434.jar"/>
    <property name="sun.boot.class.path" value="/Library/Java/JavaVirtualMachines/jdk1.8.0_181.jdk/Contents/Home/jre/lib/resources.jar:/Library/Java/JavaVirtualMachines/jdk1.8.0_181.jdk/Contents/Home/jre/lib/rt.jar:/Library/Java/JavaVirtualMachines/jdk1.8.0_181.jdk/Contents/Home/jre/lib/sunrsasign.jar:/Library/Java/JavaVirtualMachines/jdk1.8.0_181.jdk/Contents/Home/jre/lib/jsse.jar:/Library/Java/JavaVirtualMachines/jdk1.8.0_181.jdk/Contents/Home/jre/lib/jce.jar:/Library/Java/JavaVirtualMachines/jdk1.8.0_181.jdk/Contents/Home/jre/lib/charsets.jar:/Library/Java/JavaVirtualMachines/jdk1.8.0_181.jdk/Contents/Home/jre/lib/jfr.jar:/Library/Java/JavaVirtualMachines/jdk1.8.0_181.jdk/Contents/Home/jre/classes"/>
    <property name="sun.management.compiler" value="HotSpot 64-Bit Tiered Compilers"/>
    <property name="java.runtime.version" value="1.8.0_181-b13"/>
    <property name="user.name" value="vasista.tvn"/>
    <property name="path.separator" value=":"/>
    <property name="os.version" value="10.15.1"/>
    <property name="java.endorsed.dirs" value="/Library/Java/JavaVirtualMachines/jdk1.8.0_181.jdk/Contents/Home/jre/lib/endorsed"/>
    <property name="java.runtime.name" value="Java(TM) SE Runtime Environment"/>
    <property name="file.encoding" value="UTF-8"/>
    <property name="java.vm.name" value="Java HotSpot(TM) 64-Bit Server VM"/>
    <property name="localRepository" value="/Users/vasista.tvn/.m2/repository"/>
    <property name="java.vendor.url.bug" value="http://bugreport.sun.com/bugreport/"/>
    <property name="java.io.tmpdir" value="/var/folders/2d/0pmcmk2s38z4gt0xfl7k_bch9m2tjk/T/"/>
    <property name="java.version" value="1.8.0_181"/>
    <property name="user.dir" value="/Users/vasista.tvn/Documents/workspace/Practice1"/>
    <property name="os.arch" value="x86_64"/>
    <property name="java.vm.specification.name" value="Java Virtual Machine Specification"/>
    <property name="java.awt.printerjob" value="sun.lwawt.macosx.CPrinterJob"/>
    <property name="sun.os.patch.level" value="unknown"/>
    <property name="java.library.path" value="/Users/vasista.tvn/Library/Java/Extensions:/Library/Java/Extensions:/Network/Library/Java/Extensions:/System/Library/Java/Extensions:/usr/lib/java:."/>
    <property name="java.vm.info" value="mixed mode"/>
    <property name="java.vendor" value="Oracle Corporation"/>
    <property name="java.vm.version" value="25.181-b13"/>
    <property name="java.ext.dirs" value="/Users/vasista.tvn/Library/Java/Extensions:/Library/Java/JavaVirtualMachines/jdk1.8.0_181.jdk/Contents/Home/jre/lib/ext:/Library/Java/Extensions:/Network/Library/Java/Extensions:/System/Library/Java/Extensions:/usr/lib/java"/>
    <property name="sun.io.unicode.encoding" value="UnicodeBig"/>
    <property name="java.class.version" value="52.0"/>
  </properties>
  <testcase name="m1" classname="homepageTest.homepageTest" time="43.824">
    <failure type="java.lang.NullPointerException">java.lang.NullPointerException
	at homepageTest.homepageTest.m1(homepageTest.java:35)
</failure>
    <system-err><![CDATA[SLF4J: Failed to load class "org.slf4j.impl.StaticLoggerBinder".
SLF4J: Defaulting to no-operation (NOP) logger implementation
SLF4J: See http://www.slf4j.org/codes.html#StaticLoggerBinder for further details.
Starting ChromeDriver 81.0.4044.69 (6813546031a4bc83f717a2ef7cd4ac6ec1199132-refs/branch-heads/4044@{#776}) on port 32646
Only local connections are allowed.
Please protect ports used by ChromeDriver and related test frameworks to prevent access by malicious code.
Apr 30, 2020 7:13:42 AM org.openqa.selenium.remote.ProtocolHandshake createSession
INFO: Detected dialect: W3C
[1588211025.281][SEVERE]: Timed out receiving message from renderer: 0.100
[1588211025.392][SEVERE]: Timed out receiving message from renderer: 0.100
[1588211025.501][SEVERE]: Timed out receiving message from renderer: 0.100
[1588211025.621][SEVERE]: Timed out receiving message from renderer: 0.100
[1588211025.728][SEVERE]: Timed out receiving message from renderer: 0.100
[1588211025.832][SEVERE]: Timed out receiving message from renderer: 0.100
[1588211025.936][SEVERE]: Timed out receiving message from renderer: 0.100
[1588211026.056][SEVERE]: Timed out receiving message from renderer: 0.100
[1588211026.173][SEVERE]: Timed out receiving message from renderer: 0.100
[1588211026.276][SEVERE]: Timed out receiving message from renderer: 0.100
[1588211026.378][SEVERE]: Timed out receiving message from renderer: 0.100
[1588211026.482][SEVERE]: Timed out receiving message from renderer: 0.100
[1588211026.585][SEVERE]: Timed out receiving message from renderer: 0.100
[1588211026.735][SEVERE]: Timed out receiving message from renderer: 0.100
[1588211026.840][SEVERE]: Timed out receiving message from renderer: 0.100
[1588211027.011][SEVERE]: Timed out receiving message from renderer: 0.100
[1588211027.122][SEVERE]: Timed out receiving message from renderer: 0.100
[1588211027.225][SEVERE]: Timed out receiving message from renderer: 0.100
[1588211027.328][SEVERE]: Timed out receiving message from renderer: 0.100
[1588211027.432][SEVERE]: Timed out receiving message from renderer: 0.100
[1588211027.535][SEVERE]: Timed out receiving message from renderer: 0.100
[1588211027.640][SEVERE]: Timed out receiving message from renderer: 0.100
[1588211027.744][SEVERE]: Timed out receiving message from renderer: 0.100
[1588211027.849][SEVERE]: Timed out receiving message from renderer: 0.100
[1588211027.957][SEVERE]: Timed out receiving message from renderer: 0.100
[1588211028.061][SEVERE]: Timed out receiving message from renderer: 0.100
[1588211028.163][SEVERE]: Timed out receiving message from renderer: 0.100
[1588211028.266][SEVERE]: Timed out receiving message from renderer: 0.100
[1588211028.368][SEVERE]: Timed out receiving message from renderer: 0.100
[1588211028.471][SEVERE]: Timed out receiving message from renderer: 0.100
[1588211028.574][SEVERE]: Timed out receiving message from renderer: 0.100
[1588211028.678][SEVERE]: Timed out receiving message from renderer: 0.100
[1588211028.780][SEVERE]: Timed out receiving message from renderer: 0.100
[1588211028.882][SEVERE]: Timed out receiving message from renderer: 0.100
[1588211028.984][SEVERE]: Timed out receiving message from renderer: 0.100
[1588211029.087][SEVERE]: Timed out receiving message from renderer: 0.100
[1588211029.190][SEVERE]: Timed out receiving message from renderer: 0.100
[1588211029.301][SEVERE]: Timed out receiving message from renderer: 0.100
[1588211029.403][SEVERE]: Timed out receiving message from renderer: 0.100
[1588211029.506][SEVERE]: Timed out receiving message from renderer: 0.100
[1588211029.609][SEVERE]: Timed out receiving message from renderer: 0.100
[1588211029.711][SEVERE]: Timed out receiving message from renderer: 0.100
[1588211029.816][SEVERE]: Timed out receiving message from renderer: 0.100
[1588211029.918][SEVERE]: Timed out receiving message from renderer: 0.100
[1588211030.022][SEVERE]: Timed out receiving message from renderer: 0.100
[1588211030.127][SEVERE]: Timed out receiving message from renderer: 0.100
[1588211030.230][SEVERE]: Timed out receiving message from renderer: 0.100
[1588211030.334][SEVERE]: Timed out receiving message from renderer: 0.100
[1588211030.438][SEVERE]: Timed out receiving message from renderer: 0.100
[1588211030.540][SEVERE]: Timed out receiving message from renderer: 0.100
[1588211030.642][SEVERE]: Timed out receiving message from renderer: 0.100
[1588211030.744][SEVERE]: Timed out receiving message from renderer: 0.100
[1588211030.849][SEVERE]: Timed out receiving message from renderer: 0.100
[1588211030.951][SEVERE]: Timed out receiving message from renderer: 0.100
[1588211031.054][SEVERE]: Timed out receiving message from renderer: 0.100
[1588211031.166][SEVERE]: Timed out receiving message from renderer: 0.100
[1588211031.272][SEVERE]: Timed out receiving message from renderer: 0.100
[1588211031.376][SEVERE]: Timed out receiving message from renderer: 0.100
[1588211031.479][SEVERE]: Timed out receiving message from renderer: 0.100
[1588211031.584][SEVERE]: Timed out receiving message from renderer: 0.100
[1588211031.686][SEVERE]: Timed out receiving message from renderer: 0.100
[1588211031.789][SEVERE]: Timed out receiving message from renderer: 0.100
[1588211031.892][SEVERE]: Timed out receiving message from renderer: 0.100
[1588211032.006][SEVERE]: Timed out receiving message from renderer: 0.100
[1588211032.111][SEVERE]: Timed out receiving message from renderer: 0.100
[1588211032.215][SEVERE]: Timed out receiving message from renderer: 0.100
[1588211032.317][SEVERE]: Timed out receiving message from renderer: 0.100
[1588211032.420][SEVERE]: Timed out receiving message from renderer: 0.100
[1588211032.534][SEVERE]: Timed out receiving message from renderer: 0.100
[1588211032.651][SEVERE]: Timed out receiving message from renderer: 0.100
[1588211032.792][SEVERE]: Timed out receiving message from renderer: 0.100
[1588211032.922][SEVERE]: Timed out receiving message from renderer: 0.100
[1588211033.026][SEVERE]: Timed out receiving message from renderer: 0.100
[1588211033.129][SEVERE]: Timed out receiving message from renderer: 0.100
[1588211033.230][SEVERE]: Timed out receiving message from renderer: 0.100
[1588211033.334][SEVERE]: Timed out receiving message from renderer: 0.100
[1588211033.437][SEVERE]: Timed out receiving message from renderer: 0.100
[1588211033.540][SEVERE]: Timed out receiving message from renderer: 0.100
[1588211033.642][SEVERE]: Timed out receiving message from renderer: 0.100
[1588211033.743][SEVERE]: Timed out receiving message from renderer: 0.100
[1588211033.844][SEVERE]: Timed out receiving message from renderer: 0.100
[1588211033.947][SEVERE]: Timed out receiving message from renderer: 0.100
[1588211034.053][SEVERE]: Timed out receiving message from renderer: 0.100
[1588211034.157][SEVERE]: Timed out receiving message from renderer: 0.100
[1588211034.262][SEVERE]: Timed out receiving message from renderer: 0.100
[1588211034.364][SEVERE]: Timed out receiving message from renderer: 0.100
[1588211034.466][SEVERE]: Timed out receiving message from renderer: 0.100
[1588211034.568][SEVERE]: Timed out receiving message from renderer: 0.100
[1588211034.671][SEVERE]: Timed out receiving message from renderer: 0.100
[1588211034.773][SEVERE]: Timed out receiving message from renderer: 0.100
[1588211034.877][SEVERE]: Timed out receiving message from renderer: 0.100
[1588211034.979][SEVERE]: Timed out receiving message from renderer: 0.100
[1588211035.081][SEVERE]: Timed out receiving message from renderer: 0.100
[1588211035.183][SEVERE]: Timed out receiving message from renderer: 0.100
[1588211035.285][SEVERE]: Timed out receiving message from renderer: 0.100
[1588211035.387][SEVERE]: Timed out receiving message from renderer: 0.100
[1588211035.488][SEVERE]: Timed out receiving message from renderer: 0.100
[1588211035.590][SEVERE]: Timed out receiving message from renderer: 0.100
[1588211035.693][SEVERE]: Timed out receiving message from renderer: 0.100
[1588211035.801][SEVERE]: Timed out receiving message from renderer: 0.100
[1588211035.904][SEVERE]: Timed out receiving message from renderer: 0.100
[1588211036.006][SEVERE]: Timed out receiving message from renderer: 0.100
[1588211036.109][SEVERE]: Timed out receiving message from renderer: 0.100
[1588211036.211][SEVERE]: Timed out receiving message from renderer: 0.100
[1588211036.313][SEVERE]: Timed out receiving message from renderer: 0.100
[1588211036.416][SEVERE]: Timed out receiving message from renderer: 0.100
[1588211036.518][SEVERE]: Timed out receiving message from renderer: 0.100
[1588211036.619][SEVERE]: Timed out receiving message from renderer: 0.100
[1588211036.722][SEVERE]: Timed out receiving message from renderer: 0.100
[1588211036.824][SEVERE]: Timed out receiving message from renderer: 0.100
[1588211036.926][SEVERE]: Timed out receiving message from renderer: 0.100
[1588211037.029][SEVERE]: Timed out receiving message from renderer: 0.100
[1588211037.130][SEVERE]: Timed out receiving message from renderer: 0.100
[1588211037.231][SEVERE]: Timed out receiving message from renderer: 0.100
[1588211037.333][SEVERE]: Timed out receiving message from renderer: 0.100
[1588211037.437][SEVERE]: Timed out receiving message from renderer: 0.100
[1588211037.540][SEVERE]: Timed out receiving message from renderer: 0.100
[1588211037.643][SEVERE]: Timed out receiving message from renderer: 0.100
[1588211037.745][SEVERE]: Timed out receiving message from renderer: 0.100
[1588211037.846][SEVERE]: Timed out receiving message from renderer: 0.100
[1588211037.949][SEVERE]: Timed out receiving message from renderer: 0.100
[1588211038.052][SEVERE]: Timed out receiving message from renderer: 0.100
[1588211038.155][SEVERE]: Timed out receiving message from renderer: 0.100
[1588211038.258][SEVERE]: Timed out receiving message from renderer: 0.100
[1588211038.361][SEVERE]: Timed out receiving message from renderer: 0.100
[1588211038.466][SEVERE]: Timed out receiving message from renderer: 0.100
[1588211038.599][SEVERE]: Timed out receiving message from renderer: 0.100
[1588211038.702][SEVERE]: Timed out receiving message from renderer: 0.100
[1588211038.804][SEVERE]: Timed out receiving message from renderer: 0.100
[1588211038.906][SEVERE]: Timed out receiving message from renderer: 0.100
[1588211039.008][SEVERE]: Timed out receiving message from renderer: 0.100
[1588211039.112][SEVERE]: Timed out receiving message from renderer: 0.100
[1588211039.217][SEVERE]: Timed out receiving message from renderer: 0.100
[1588211039.318][SEVERE]: Timed out receiving message from renderer: 0.100
[1588211039.421][SEVERE]: Timed out receiving message from renderer: 0.100
[1588211039.526][SEVERE]: Timed out receiving message from renderer: 0.100
[1588211039.627][SEVERE]: Timed out receiving message from renderer: 0.100
[1588211039.730][SEVERE]: Timed out receiving message from renderer: 0.100
[1588211039.832][SEVERE]: Timed out receiving message from renderer: 0.100
[1588211039.934][SEVERE]: Timed out receiving message from renderer: 0.100
[1588211040.037][SEVERE]: Timed out receiving message from renderer: 0.100
[1588211040.139][SEVERE]: Timed out receiving message from renderer: 0.100
[1588211040.240][SEVERE]: Timed out receiving message from renderer: 0.100
[1588211040.342][SEVERE]: Timed out receiving message from renderer: 0.100
[1588211040.493][SEVERE]: Timed out receiving message from renderer: 0.100
[1588211040.598][SEVERE]: Timed out receiving message from renderer: 0.100
[1588211040.699][SEVERE]: Timed out receiving message from renderer: 0.100
[1588211040.801][SEVERE]: Timed out receiving message from renderer: 0.100
[1588211040.902][SEVERE]: Timed out receiving message from renderer: 0.100
[1588211041.254][SEVERE]: Timed out receiving message from renderer: 0.100
[1588211041.357][SEVERE]: Timed out receiving message from renderer: 0.100
[1588211041.459][SEVERE]: Timed out receiving message from renderer: 0.100
[1588211041.565][SEVERE]: Timed out receiving message from renderer: 0.100
[1588211041.668][SEVERE]: Timed out receiving message from renderer: 0.100
[1588211041.779][SEVERE]: Timed out receiving message from renderer: 0.100
[1588211041.880][SEVERE]: Timed out receiving message from renderer: 0.100
[1588211041.982][SEVERE]: Timed out receiving message from renderer: 0.100
[1588211042.083][SEVERE]: Timed out receiving message from renderer: 0.100
[1588211042.185][SEVERE]: Timed out receiving message from renderer: 0.100
[1588211042.287][SEVERE]: Timed out receiving message from renderer: 0.100
[1588211042.389][SEVERE]: Timed out receiving message from renderer: 0.100
[1588211042.500][SEVERE]: Timed out receiving message from renderer: 0.100
[1588211042.621][SEVERE]: Timed out receiving message from renderer: 0.100
[1588211042.733][SEVERE]: Timed out receiving message from renderer: 0.100
[1588211042.837][SEVERE]: Timed out receiving message from renderer: 0.100
[1588211042.939][SEVERE]: Timed out receiving message from renderer: 0.100
[1588211043.041][SEVERE]: Timed out receiving message from renderer: 0.100
[1588211043.143][SEVERE]: Timed out receiving message from renderer: 0.100
[1588211043.245][SEVERE]: Timed out receiving message from renderer: 0.100
[1588211043.348][SEVERE]: Timed out receiving message from renderer: 0.100
[1588211043.462][SEVERE]: Timed out receiving message from renderer: 0.100
[1588211043.564][SEVERE]: Timed out receiving message from renderer: 0.100
[1588211043.666][SEVERE]: Timed out receiving message from renderer: 0.100
[1588211043.771][SEVERE]: Timed out receiving message from renderer: 0.100
[1588211043.873][SEVERE]: Timed out receiving message from renderer: 0.100
[1588211043.976][SEVERE]: Timed out receiving message from renderer: 0.100
[1588211044.078][SEVERE]: Timed out receiving message from renderer: 0.100
[1588211044.182][SEVERE]: Timed out receiving message from renderer: 0.100
[1588211044.284][SEVERE]: Timed out receiving message from renderer: 0.100
[1588211044.387][SEVERE]: Timed out receiving message from renderer: 0.100
[1588211044.489][SEVERE]: Timed out receiving message from renderer: 0.100
[1588211044.599][SEVERE]: Timed out receiving message from renderer: 0.100
[1588211044.700][SEVERE]: Timed out receiving message from renderer: 0.100
[1588211044.804][SEVERE]: Timed out receiving message from renderer: 0.100
[1588211044.906][SEVERE]: Timed out receiving message from renderer: 0.100
[1588211045.008][SEVERE]: Timed out receiving message from renderer: 0.100
[1588211045.109][SEVERE]: Timed out receiving message from renderer: 0.100
[1588211045.211][SEVERE]: Timed out receiving message from renderer: 0.100
[1588211045.316][SEVERE]: Timed out receiving message from renderer: 0.100
[1588211045.425][SEVERE]: Timed out receiving message from renderer: 0.100
[1588211045.528][SEVERE]: Timed out receiving message from renderer: 0.100
[1588211045.636][SEVERE]: Timed out receiving message from renderer: 0.100
[1588211045.737][SEVERE]: Timed out receiving message from renderer: 0.100
[1588211045.840][SEVERE]: Timed out receiving message from renderer: 0.100
[1588211045.941][SEVERE]: Timed out receiving message from renderer: 0.100
[1588211046.043][SEVERE]: Timed out receiving message from renderer: 0.100
[1588211046.145][SEVERE]: Timed out receiving message from renderer: 0.100
[1588211046.273][SEVERE]: Timed out receiving message from renderer: 0.100
[1588211046.377][SEVERE]: Timed out receiving message from renderer: 0.100
[1588211046.481][SEVERE]: Timed out receiving message from renderer: 0.100
[1588211046.582][SEVERE]: Timed out receiving message from renderer: 0.100
[1588211046.684][SEVERE]: Timed out receiving message from renderer: 0.100
[1588211046.788][SEVERE]: Timed out receiving message from renderer: 0.100
[1588211046.891][SEVERE]: Timed out receiving message from renderer: 0.100
[1588211046.993][SEVERE]: Timed out receiving message from renderer: 0.100
[1588211047.097][SEVERE]: Timed out receiving message from renderer: 0.100
[1588211047.198][SEVERE]: Timed out receiving message from renderer: 0.100
[1588211047.300][SEVERE]: Timed out receiving message from renderer: 0.100
[1588211047.402][SEVERE]: Timed out receiving message from renderer: 0.100
[1588211047.504][SEVERE]: Timed out receiving message from renderer: 0.100
[1588211047.608][SEVERE]: Timed out receiving message from renderer: 0.100
[1588211047.711][SEVERE]: Timed out receiving message from renderer: 0.100
[1588211047.814][SEVERE]: Timed out receiving message from renderer: 0.100
[1588211047.918][SEVERE]: Timed out receiving message from renderer: 0.100
[1588211048.020][SEVERE]: Timed out receiving message from renderer: 0.100
[1588211048.124][SEVERE]: Timed out receiving message from renderer: 0.100
[1588211048.227][SEVERE]: Timed out receiving message from renderer: 0.100
[1588211048.329][SEVERE]: Timed out receiving message from renderer: 0.100
[1588211048.440][SEVERE]: Timed out receiving message from renderer: 0.100
[1588211048.549][SEVERE]: Timed out receiving message from renderer: 0.100
[1588211048.652][SEVERE]: Timed out receiving message from renderer: 0.100
[1588211048.754][SEVERE]: Timed out receiving message from renderer: 0.100
[1588211048.856][SEVERE]: Timed out receiving message from renderer: 0.100
[1588211048.958][SEVERE]: Timed out receiving message from renderer: 0.100
[1588211049.061][SEVERE]: Timed out receiving message from renderer: 0.100
[1588211049.165][SEVERE]: Timed out receiving message from renderer: 0.100
[1588211049.267][SEVERE]: Timed out receiving message from renderer: 0.100
[1588211049.370][SEVERE]: Timed out receiving message from renderer: 0.100
[1588211049.473][SEVERE]: Timed out receiving message from renderer: 0.100
[1588211049.575][SEVERE]: Timed out receiving message from renderer: 0.100
[1588211049.678][SEVERE]: Timed out receiving message from renderer: 0.100
[1588211049.781][SEVERE]: Timed out receiving message from renderer: 0.100
[1588211049.883][SEVERE]: Timed out receiving message from renderer: 0.100
[1588211049.985][SEVERE]: Timed out receiving message from renderer: 0.100
[1588211050.089][SEVERE]: Timed out receiving message from renderer: 0.100
[1588211050.191][SEVERE]: Timed out receiving message from renderer: 0.100
[1588211050.292][SEVERE]: Timed out receiving message from renderer: 0.100
[1588211050.396][SEVERE]: Timed out receiving message from renderer: 0.100
[1588211050.497][SEVERE]: Timed out receiving message from renderer: 0.100
[1588211050.599][SEVERE]: Timed out receiving message from renderer: 0.100
[1588211050.701][SEVERE]: Timed out receiving message from renderer: 0.100
]]></system-err>
  </testcase>
</testsuite>