<?xml version="1.0" encoding="UTF-8"?>
<!-- Generated by org.testng.reporters.JUnitReportReporter -->
<testsuite skipped="0" hostname="RINMAC410" name="HomePage.HomepageTest" tests="2" failures="0" timestamp="01 May 2020 17:42:02 GMT" time="13.109" errors="0">
  <testcase name="signUpUser1" time="0.011" classname="HomePage.HomepageTest"/>
  <testcase name="signUpUser" time="13.098" classname="HomePage.HomepageTest"/>
</testsuite> <!-- HomePage.HomepageTest -->
